2022--07--18 13:49:48:4948 - [32minfo[39m: [32mapp rodando na porta 3000[39m
2022--07--18 13:50:58:5058 - [32minfo[39m: [32mbanco conectado[39m
2022--07--18 13:50:58:5058 - [32minfo[39m: [32mapp rodando na porta 3000[39m
2022--07--18 13:51:20:5120 - [32minfo[39m: [32mbanco conectado[39m
2022--07--18 13:51:20:5120 - [32minfo[39m: [32mapp rodando na porta 3000[39m
2022--07--18 13:51:58:5158 - [32minfo[39m: [32mbanco conectado[39m
2022--07--18 13:51:58:5158 - [32minfo[39m: [32mapp rodando na porta 3000[39m
2022--07--18 13:52:05:525 - [32minfo[39m: [32mbanco conectado[39m
2022--07--18 13:52:05:525 - [32minfo[39m: [32mapp rodando na porta 3000[39m
2022--07--18 13:52:09:529 - [32minfo[39m: [32mbanco conectado[39m
2022--07--18 13:52:09:529 - [32minfo[39m: [32mapp rodando na porta 3000[39m
2022--07--18 13:52:14:5214 - [32minfo[39m: [32mbanco conectado[39m
2022--07--18 13:52:14:5214 - [32minfo[39m: [32mapp rodando na porta 3000[39m
2022--07--18 13:52:36:5236 - [31merror[39m: [31mNao foi possivel a conexao! Erro: Error: querySrv ENOTFOUND _mongodb._tcp.cluster0.g5tfc.mongodb.net[39m
2022--07--18 13:52:36:5236 - [32minfo[39m: [32mapp rodando na porta 3000[39m
2022--07--18 13:52:45:5245 - [32minfo[39m: [32mbanco conectado[39m
2022--07--18 13:52:45:5245 - [32minfo[39m: [32mapp rodando na porta 3000[39m
2022--07--18 13:53:50:5350 - [32minfo[39m: [32mbanco conectado[39m
2022--07--18 13:53:50:5350 - [32minfo[39m: [32mapp rodando na porta 3000[39m
2022--07--18 13:54:31:5431 - [32minfo[39m: [32mbanco conectado[39m
2022--07--18 13:54:31:5431 - [32minfo[39m: [32mapp rodando na porta 3000[39m
2022--07--18 13:55:17:5517 - [32minfo[39m: [32mbanco conectado[39m
2022--07--18 13:55:17:5517 - [32minfo[39m: [32mapp rodando na porta 3000[39m
2022--07--18 13:55:27:5527 - [31merror[39m: [31mNao foi possivel a conexao! Erro: Error: querySrv ENOTFOUND _mongodb._tcp.cluster0.g5tfc.mongodb.net[39m
2022--07--18 13:55:33:5533 - [32minfo[39m: [32mbanco conectado[39m
2022--07--18 13:55:33:5533 - [32minfo[39m: [32mapp rodando na porta 3000[39m
2022--07--18 13:55:43:5543 - [32minfo[39m: [32mbanco conectado[39m
2022--07--18 13:55:43:5543 - [32minfo[39m: [32mapp rodando na porta 3000[39m
2022--07--18 13:56:13:5613 - [32minfo[39m: [32mbanco conectado[39m
2022--07--18 13:56:13:5613 - [32minfo[39m: [32mapp rodando na porta 3000[39m
2022--07--18 14:03:21:321 - [32minfo[39m: [32mbanco conectado[39m
2022--07--18 14:03:21:321 - [32minfo[39m: [32mapp rodando na porta 3000[39m
2022--07--18 14:04:20:420 - [32minfo[39m: [32mbanco conectado[39m
2022--07--18 14:04:20:420 - [32minfo[39m: [32mapp rodando na porta 3000[39m
2022--07--18 14:04:36:436 - [32minfo[39m: [32mbanco conectado[39m
2022--07--18 14:04:36:436 - [32minfo[39m: [32mapp rodando na porta 3000[39m
2022--07--18 14:05:26:526 - [32minfo[39m: [32mbanco conectado[39m
2022--07--18 14:05:26:526 - [32minfo[39m: [32mapp rodando na porta 3000[39m
2022--07--18 14:06:02:62 - [32minfo[39m: [32mbanco conectado[39m
2022--07--18 14:06:02:62 - [32minfo[39m: [32mapp rodando na porta 3000[39m
2022--07--18 14:06:23:623 - [32minfo[39m: [32mbanco conectado[39m
2022--07--18 14:06:23:623 - [32minfo[39m: [32mapp rodando na porta 3000[39m
2022--07--18 14:07:50:750 - [32minfo[39m: [32mbanco conectado[39m
2022--07--18 14:07:50:750 - [32minfo[39m: [32mapp rodando na porta 3000[39m
2022--07--18 14:10:40:1040 - [32minfo[39m: [32mbanco conectado[39m
2022--07--18 14:10:40:1040 - [32minfo[39m: [32mapp rodando na porta 3000[39m
2022--07--18 14:12:07:127 - [32minfo[39m: [32mbanco conectado[39m
2022--07--18 14:12:07:127 - [32minfo[39m: [32mapp rodando na porta 3000[39m
2022--07--18 14:21:20:2120 - [32minfo[39m: [32mbanco conectado[39m
2022--07--18 14:21:20:2120 - [32minfo[39m: [32mapp rodando na porta 3000[39m
2022--07--18 14:23:43:2343 - [32minfo[39m: [32mbanco conectado[39m
2022--07--18 14:23:43:2343 - [32minfo[39m: [32mapp rodando na porta 3000[39m
2022--07--18 14:28:56:2856 - [32minfo[39m: [32mbanco conectado[39m
2022--07--18 14:28:56:2856 - [32minfo[39m: [32mapp rodando na porta 3000[39m
2022--07--18 14:29:10:2910 - [32minfo[39m: [32mbanco conectado[39m
2022--07--18 14:29:10:2910 - [32minfo[39m: [32mapp rodando na porta 3000[39m
2022--07--18 14:29:28:2928 - [32minfo[39m: [32mbanco conectado[39m
2022--07--18 14:29:28:2928 - [32minfo[39m: [32mapp rodando na porta 3000[39m
2022--07--18 14:29:59:2959 - [32minfo[39m: [32mbanco conectado[39m
2022--07--18 14:29:59:2959 - [32minfo[39m: [32mapp rodando na porta 3000[39m
2022--07--18 14:30:35:3035 - [32minfo[39m: [32mbanco conectado[39m
2022--07--18 14:30:35:3035 - [32minfo[39m: [32mapp rodando na porta 3000[39m
2022--07--18 14:30:41:3041 - [32minfo[39m: [32mbanco conectado[39m
2022--07--18 14:30:41:3041 - [32minfo[39m: [32mapp rodando na porta 3000[39m
2022--07--18 14:51:49:5149 - [32minfo[39m: [32mbanco conectado[39m
2022--07--18 14:51:49:5149 - [32minfo[39m: [32mapp rodando na porta 3000[39m
2022--07--18 14:52:09:529 - [32minfo[39m: [32mbanco conectado[39m
2022--07--18 14:52:09:529 - [32minfo[39m: [32mapp rodando na porta 3000[39m
2022--07--18 14:57:08:578 - [32minfo[39m: [32mbanco conectado[39m
2022--07--18 14:57:08:578 - [32minfo[39m: [32mapp rodando na porta 3000[39m
2022--07--18 15:01:18:118 - [32minfo[39m: [32mbanco conectado[39m
2022--07--18 15:01:18:118 - [32minfo[39m: [32mapp rodando na porta 3000[39m
2022--07--18 15:11:12:1112 - [32minfo[39m: [32mbanco conectado[39m
2022--07--18 15:11:12:1112 - [32minfo[39m: [32mapp rodando na porta 3000[39m
2022--07--18 15:13:41:1341 - [32minfo[39m: [32mbanco conectado[39m
2022--07--18 15:13:41:1341 - [32minfo[39m: [32mapp rodando na porta 3000[39m
2022--07--18 15:14:37:1437 - [32minfo[39m: [32mbanco conectado[39m
2022--07--18 15:14:37:1437 - [32minfo[39m: [32mapp rodando na porta 3000[39m
2022--07--18 15:14:42:1442 - [32minfo[39m: [32mbanco conectado[39m
2022--07--18 15:14:42:1442 - [32minfo[39m: [32mapp rodando na porta 3000[39m
2022--07--18 15:17:04:174 - [32minfo[39m: [32mbanco conectado[39m
2022--07--18 15:17:04:174 - [32minfo[39m: [32mapp rodando na porta 3000[39m
2022--07--18 15:17:56:1756 - [32minfo[39m: [32mbanco conectado[39m
2022--07--18 15:17:56:1756 - [32minfo[39m: [32mapp rodando na porta 3000[39m
2022--07--18 15:19:53:1953 - [32minfo[39m: [32mbanco conectado[39m
2022--07--18 15:19:53:1953 - [32minfo[39m: [32mapp rodando na porta 3000[39m
2022--07--18 15:21:15:2115 - [32minfo[39m: [32mbanco conectado[39m
2022--07--18 15:21:15:2115 - [32minfo[39m: [32mapp rodando na porta 3000[39m
2022--07--18 15:23:33:2333 - [32minfo[39m: [32mbanco conectado[39m
2022--07--18 15:23:33:2333 - [32minfo[39m: [32mapp rodando na porta 3000[39m
2022--07--18 15:23:37:2337 - [32minfo[39m: [32mbanco conectado[39m
2022--07--18 15:23:37:2337 - [32minfo[39m: [32mapp rodando na porta 3000[39m
2022--07--18 15:24:54:2454 - [32minfo[39m: [32mbanco conectado[39m
2022--07--18 15:24:54:2454 - [32minfo[39m: [32mapp rodando na porta 3000[39m
2022--07--18 15:25:21:2521 - [32minfo[39m: [32mbanco conectado[39m
2022--07--18 15:25:22:2522 - [32minfo[39m: [32mapp rodando na porta 3000[39m
2022--07--18 15:26:08:268 - [32minfo[39m: [32mbanco conectado[39m
2022--07--18 15:26:08:268 - [32minfo[39m: [32mapp rodando na porta 3000[39m
2022--07--18 15:27:34:2734 - [32minfo[39m: [32mbanco conectado[39m
2022--07--18 15:27:34:2734 - [32minfo[39m: [32mapp rodando na porta 3000[39m
2022--07--18 15:42:47:4247 - [32minfo[39m: [32mbanco conectado[39m
2022--07--18 15:42:47:4247 - [32minfo[39m: [32mapp rodando na porta 3000[39m
2022--07--18 15:45:19:4519 - [32minfo[39m: [32mbanco conectado[39m
2022--07--18 15:45:19:4519 - [32minfo[39m: [32mapp rodando na porta 3000[39m
2022--07--18 15:45:42:4542 - [32minfo[39m: [32mbanco conectado[39m
2022--07--18 15:45:42:4542 - [32minfo[39m: [32mapp rodando na porta 3000[39m
2022--07--18 15:46:43:4643 - [32minfo[39m: [32mbanco conectado[39m
2022--07--18 15:46:43:4643 - [32minfo[39m: [32mapp rodando na porta 3000[39m
2022--07--18 15:48:31:4831 - [31merror[39m: [31mErro no sistem: Cast to ObjectId failed for value "s" (type string) at path "_id" for model "Movie"[39m
2022--07--18 15:50:09:509 - [31merror[39m: [31mErro no sistem: Cast to ObjectId failed for value "s" (type string) at path "_id" for model "Movie"[39m
2022--07--18 15:50:21:5021 - [31merror[39m: [31mErro no sistem: Cast to ObjectId failed for value "siojiojiojioioh7" (type string) at path "_id" for model "Movie"[39m
2022--07--18 15:51:00:510 - [31merror[39m: [31mErro no sistem: Cast to ObjectId failed for value "2d5a668f427488b50fb80ed" (type string) at path "_id" for model "Movie"[39m
2022--07--18 15:51:47:5147 - [32minfo[39m: [32mbanco conectado[39m
2022--07--18 15:51:47:5147 - [32minfo[39m: [32mapp rodando na porta 3000[39m
2022--07--18 15:52:11:5211 - [32minfo[39m: [32mbanco conectado[39m
2022--07--18 15:52:11:5211 - [32minfo[39m: [32mapp rodando na porta 3000[39m
2022--07--18 15:52:33:5233 - [31merror[39m: [31mErro no sistem: Cast to ObjectId failed for value "2d5a668f427488b50fb80ed" (type string) at path "_id" for model "Movie"[39m
2022--07--18 15:54:31:5431 - [32minfo[39m: [32mbanco conectado[39m
2022--07--18 15:54:31:5431 - [32minfo[39m: [32mapp rodando na porta 3000[39m
2022--07--18 15:54:43:5443 - [31merror[39m: [31mErro no sistem: Cast to ObjectId failed for value "2d5a668f427488b50fb80e" (type string) at path "_id" for model "Movie"[39m
2022--07--18 15:56:43:5643 - [32minfo[39m: [32mbanco conectado[39m
2022--07--18 15:56:43:5643 - [32minfo[39m: [32mapp rodando na porta 3000[39m
2022--07--18 15:56:55:5655 - [31merror[39m: [31mErro no sistem: Cast to ObjectId failed for value "2d5a668f427488b50fb80e" (type string) at path "_id" for model "Movie"[39m
2022--07--18 15:57:23:5723 - [31merror[39m: [31mErro no sistem: Cast to ObjectId failed for value "62d5992c5797adb35cca8fa" (type string) at path "_id" for model "Movie"[39m
2022--07--18 15:58:05:585 - [32minfo[39m: [32mbanco conectado[39m
2022--07--18 15:58:05:585 - [32minfo[39m: [32mapp rodando na porta 3000[39m
2022--07--18 15:58:51:5851 - [32minfo[39m: [32mbanco conectado[39m
2022--07--18 15:58:51:5851 - [32minfo[39m: [32mapp rodando na porta 3000[39m
2022--07--18 16:00:29:029 - [32minfo[39m: [32mbanco conectado[39m
2022--07--18 16:00:29:029 - [32minfo[39m: [32mapp rodando na porta 3000[39m
2022--07--18 16:01:07:17 - [32minfo[39m: [32mbanco conectado[39m
2022--07--18 16:01:07:17 - [32minfo[39m: [32mapp rodando na porta 3000[39m
2022--07--18 16:01:19:119 - [32minfo[39m: [32mbanco conectado[39m
2022--07--18 16:01:19:119 - [32minfo[39m: [32mapp rodando na porta 3000[39m
